Arguments: 
  /usr/local/bin/node /usr/local/Cellar/yarn/1.19.1/libexec/bin/yarn.js add discord-js

PATH: 
  /Users/anshgodha/.opam/4.09.0/bin:/opt/local/bin:/opt/local/sbin:/Users/anshgodha/miniconda3/bin:/Applications/anaconda3/bin:/Users/anshgodha/mongodb-macos-x86_64-enterprise-4.2.7/bin:/usr/local/bin:/usr/bin:/bin:/usr/sbin:/sbin:/Library/TeX/texbin:/opt/X11/bin:/usr/texbin

Yarn version: 
  1.19.1

Node version: 
  13.12.0

Platform: 
  darwin x64

Trace: 
  Error: https://registry.yarnpkg.com/discord-js: Not found
      at Request.params.callback [as _callback] (/usr/local/Cellar/yarn/1.19.1/libexec/lib/cli.js:66926:18)
      at Request.self.callback (/usr/local/Cellar/yarn/1.19.1/libexec/lib/cli.js:140564:22)
      at Request.emit (events.js:315:20)
      at Request.<anonymous> (/usr/local/Cellar/yarn/1.19.1/libexec/lib/cli.js:141536:10)
      at Request.emit (events.js:315:20)
      at IncomingMessage.<anonymous> (/usr/local/Cellar/yarn/1.19.1/libexec/lib/cli.js:141458:12)
      at Object.onceWrapper (events.js:421:28)
      at IncomingMessage.emit (events.js:327:22)
      at endReadableNT (_stream_readable.js:1201:12)
      at processTicksAndRejections (internal/process/task_queues.js:84:21)

npm manifest: 
  {
    "name": "hoc-discord",
    "version": "1.0.0",
    "main": "index.js",
    "license": "MIT"
  }

yarn manifest: 
  No manifest

Lockfile: 
  No lockfile
